
> videogular2@0.0.0 build-core /Users/jorgeucano/Documents/OSS/videogular2-monorepo
> ng build @videogular/core --watch

Building Angular Package
Building entry point '@videogular/core'
Compiling TypeScript sources through ngc
Bundling to FESM2015
'QueryList' is imported from external module '@angular/core' but never used
Bundling to FESM5
'QueryList' is imported from external module '@angular/core' but never used
Bundling to UMD
Minifying UMD bundle
Copying declaration files
Writing package metadata
Removing scripts section in package.json as it's considered a potential security vulnerability.
Built @videogular/core
Built Angular Package!
 - from: /Users/jorgeucano/Documents/OSS/videogular2-monorepo/projects/videogular/core
 - to:   /Users/jorgeucano/Documents/OSS/videogular2-monorepo/dist/videogular/core

Compilation complete. Watching for file changes...

> videogular2@0.0.0 build-controls /Users/jorgeucano/Documents/OSS/videogular2-monorepo
> ng build @videogular/controls --watch

